{
  "RSpec": {
    "coverage": {
      "/Users/student/Documents/my_projects/w_4/bookmark_manager/spec/bookmarks_spec.rb": [
        1,
        null,
        1,
        null,
        2,
        null,
        1,
        1,
        null,
        null,
        null,
        null,
        null,
        null
      ],
      "/Users/student/Documents/my_projects/w_4/bookmark_manager/spec/features/bookmarks_spec.rb": [
        1,
        1,
        1,
        1,
        1,
        1,
        1,
        null,
        null
      ]
    },
    "timestamp": 1551113177
  }
}
